[INFO] [2017-11-1716\:44\:14][org.springframework.web.servlet.DispatcherServlet]FrameworkServlet 'SpringMVC': initialization started
[INFO] [2017-11-1716\:44\:14][org.springframework.web.context.support.XmlWebApplicationContext]Refreshing WebApplicationContext for namespace 'SpringMVC-servlet': startup date [Fri Nov 17 16:44:14 CST 2017]; root of context hierarchy
[INFO] [2017-11-1716\:44\:14][org.springframework.beans.factory.xml.XmlBeanDefinitionReader]Loading XML bean definitions from class path resource [config/spring-mvc.xml]
[INFO] [2017-11-1716\:44\:15][org.springframework.beans.factory.annotation.AutowiredAnnotationBeanPostProcessor]JSR-330 'javax.inject.Inject' annotation found and supported for autowiring
[INFO] [2017-11-1716\:44\:17][org.springframework.web.servlet.handler.SimpleUrlHandlerMapping]Mapped URL path [/**] onto handler 'org.springframework.web.servlet.resource.DefaultServletHttpRequestHandler#0'
[INFO] [2017-11-1716\:44\:17][org.springframework.web.servlet.DispatcherServlet]FrameworkServlet 'SpringMVC': initialization completed in 3051 ms
[INFO] [2017-11-2010\:24\:27][org.springframework.web.servlet.DispatcherServlet]FrameworkServlet 'SpringMVC': initialization started
[INFO] [2017-11-2010\:24\:27][org.springframework.web.context.support.XmlWebApplicationContext]Refreshing WebApplicationContext for namespace 'SpringMVC-servlet': startup date [Mon Nov 20 10:24:27 CST 2017]; parent: Root WebApplicationContext
[INFO] [2017-11-2010\:24\:27][org.springframework.beans.factory.xml.XmlBeanDefinitionReader]Loading XML bean definitions from class path resource [config/spring-mvc.xml]
[INFO] [2017-11-2010\:24\:28][org.springframework.beans.factory.annotation.AutowiredAnnotationBeanPostProcessor]JSR-330 'javax.inject.Inject' annotation found and supported for autowiring
[INFO] [2017-11-2010\:24\:28][org.springframework.web.servlet.mvc.method.annotation.RequestMappingHandlerMapping]Mapped "{[/user/showInfo/{userId}],methods=[],params=[],headers=[],consumes=[],produces=[],custom=[]}" onto public com.pojo.UserInfo com.controller.UserController.showUserInfo(org.springframework.ui.ModelMap,java.lang.String)
[INFO] [2017-11-2010\:24\:28][org.springframework.web.servlet.mvc.method.annotation.RequestMappingHandlerMapping]Mapped "{[/user/showInfos],methods=[],params=[],headers=[],consumes=[],produces=[],custom=[]}" onto public java.lang.Object com.controller.UserController.showUserInfos()
[INFO] [2017-11-2010\:24\:28][org.springframework.web.servlet.handler.SimpleUrlHandlerMapping]Mapped URL path [/**] onto handler 'org.springframework.web.servlet.resource.DefaultServletHttpRequestHandler#0'
[INFO] [2017-11-2010\:24\:28][org.springframework.web.servlet.DispatcherServlet]FrameworkServlet 'SpringMVC': initialization completed in 869 ms
[INFO] [2017-11-2010\:36\:42][org.springframework.web.servlet.DispatcherServlet]FrameworkServlet 'SpringMVC': initialization started
[INFO] [2017-11-2010\:36\:42][org.springframework.web.context.support.XmlWebApplicationContext]Refreshing WebApplicationContext for namespace 'SpringMVC-servlet': startup date [Mon Nov 20 10:36:42 CST 2017]; parent: Root WebApplicationContext
[INFO] [2017-11-2010\:36\:42][org.springframework.beans.factory.xml.XmlBeanDefinitionReader]Loading XML bean definitions from class path resource [config/spring-mvc.xml]
[INFO] [2017-11-2010\:36\:42][org.springframework.beans.factory.annotation.AutowiredAnnotationBeanPostProcessor]JSR-330 'javax.inject.Inject' annotation found and supported for autowiring
[INFO] [2017-11-2010\:36\:43][org.springframework.web.servlet.mvc.method.annotation.RequestMappingHandlerMapping]Mapped "{[/user/showInfos],methods=[],params=[],headers=[],consumes=[],produces=[],custom=[]}" onto public java.lang.Object com.controller.UserController.showUserInfos()
[INFO] [2017-11-2010\:36\:43][org.springframework.web.servlet.mvc.method.annotation.RequestMappingHandlerMapping]Mapped "{[/user/showInfo/],methods=[GET],params=[],headers=[],consumes=[],produces=[application/json],custom=[]}" onto public com.pojo.UserInfo com.controller.UserController.showUserInfo(java.util.Map<java.lang.String, java.lang.Object>)
[INFO] [2017-11-2010\:36\:43][org.springframework.web.servlet.handler.SimpleUrlHandlerMapping]Mapped URL path [/**] onto handler 'org.springframework.web.servlet.resource.DefaultServletHttpRequestHandler#0'
[INFO] [2017-11-2010\:36\:44][org.springframework.web.servlet.DispatcherServlet]FrameworkServlet 'SpringMVC': initialization completed in 1410 ms
[INFO] [2017-11-2010\:41\:38][org.springframework.web.servlet.DispatcherServlet]FrameworkServlet 'SpringMVC': initialization started
[INFO] [2017-11-2010\:41\:38][org.springframework.web.context.support.XmlWebApplicationContext]Refreshing WebApplicationContext for namespace 'SpringMVC-servlet': startup date [Mon Nov 20 10:41:38 CST 2017]; parent: Root WebApplicationContext
[INFO] [2017-11-2010\:41\:38][org.springframework.beans.factory.xml.XmlBeanDefinitionReader]Loading XML bean definitions from class path resource [config/spring-mvc.xml]
[INFO] [2017-11-2010\:41\:38][org.springframework.beans.factory.annotation.AutowiredAnnotationBeanPostProcessor]JSR-330 'javax.inject.Inject' annotation found and supported for autowiring
[INFO] [2017-11-2010\:41\:38][org.springframework.web.servlet.mvc.method.annotation.RequestMappingHandlerMapping]Mapped "{[/user/showInfos],methods=[],params=[],headers=[],consumes=[],produces=[],custom=[]}" onto public java.lang.Object com.controller.UserController.showUserInfos()
[INFO] [2017-11-2010\:41\:38][org.springframework.web.servlet.mvc.method.annotation.RequestMappingHandlerMapping]Mapped "{[/user/showInfo/{userId}],methods=[],params=[],headers=[],consumes=[],produces=[],custom=[]}" onto public com.pojo.UserInfo com.controller.UserController.showUserInfo(org.springframework.ui.ModelMap,java.lang.String)
[INFO] [2017-11-2010\:41\:38][org.springframework.web.servlet.handler.SimpleUrlHandlerMapping]Mapped URL path [/**] onto handler 'org.springframework.web.servlet.resource.DefaultServletHttpRequestHandler#0'
[INFO] [2017-11-2010\:41\:38][org.springframework.web.servlet.DispatcherServlet]FrameworkServlet 'SpringMVC': initialization completed in 886 ms
[INFO] [2017-11-2010\:42\:32][org.springframework.web.servlet.DispatcherServlet]FrameworkServlet 'SpringMVC': initialization started
[INFO] [2017-11-2010\:42\:32][org.springframework.web.context.support.XmlWebApplicationContext]Refreshing WebApplicationContext for namespace 'SpringMVC-servlet': startup date [Mon Nov 20 10:42:32 CST 2017]; parent: Root WebApplicationContext
[INFO] [2017-11-2010\:42\:32][org.springframework.beans.factory.xml.XmlBeanDefinitionReader]Loading XML bean definitions from class path resource [config/spring-mvc.xml]
[INFO] [2017-11-2010\:42\:32][org.springframework.beans.factory.annotation.AutowiredAnnotationBeanPostProcessor]JSR-330 'javax.inject.Inject' annotation found and supported for autowiring
[INFO] [2017-11-2010\:42\:32][org.springframework.web.servlet.mvc.method.annotation.RequestMappingHandlerMapping]Mapped "{[/user/showInfo/{userId}],methods=[],params=[],headers=[],consumes=[],produces=[],custom=[]}" onto public com.pojo.UserInfo com.controller.UserController.showUserInfo(org.springframework.ui.ModelMap,java.lang.String)
[INFO] [2017-11-2010\:42\:32][org.springframework.web.servlet.mvc.method.annotation.RequestMappingHandlerMapping]Mapped "{[/showInfos],methods=[],params=[],headers=[],consumes=[],produces=[],custom=[]}" onto public java.lang.Object com.controller.UserController.showUserInfos()
[INFO] [2017-11-2010\:42\:32][org.springframework.web.servlet.handler.SimpleUrlHandlerMapping]Mapped URL path [/**] onto handler 'org.springframework.web.servlet.resource.DefaultServletHttpRequestHandler#0'
[INFO] [2017-11-2010\:42\:33][org.springframework.web.servlet.DispatcherServlet]FrameworkServlet 'SpringMVC': initialization completed in 909 ms
[INFO] [2017-11-2021\:19\:57][org.springframework.web.servlet.DispatcherServlet]FrameworkServlet 'SpringMVC': initialization started
[INFO] [2017-11-2021\:19\:57][org.springframework.web.context.support.XmlWebApplicationContext]Refreshing WebApplicationContext for namespace 'SpringMVC-servlet': startup date [Mon Nov 20 21:19:57 CST 2017]; parent: Root WebApplicationContext
[INFO] [2017-11-2021\:19\:57][org.springframework.beans.factory.xml.XmlBeanDefinitionReader]Loading XML bean definitions from class path resource [config/spring-mvc.xml]
[INFO] [2017-11-2021\:19\:58][org.springframework.beans.factory.annotation.AutowiredAnnotationBeanPostProcessor]JSR-330 'javax.inject.Inject' annotation found and supported for autowiring
[INFO] [2017-11-2021\:20\:03][org.springframework.web.servlet.mvc.method.annotation.RequestMappingHandlerMapping]Mapped "{[/user/showInfo],methods=[POST],params=[],headers=[],consumes=[],produces=[],custom=[]}" onto public java.lang.Object com.controller.UserController.showUserInfos()
[INFO] [2017-11-2021\:20\:06][org.springframework.web.servlet.handler.SimpleUrlHandlerMapping]Mapped URL path [/**] onto handler 'org.springframework.web.servlet.resource.DefaultServletHttpRequestHandler#0'
[INFO] [2017-11-2021\:20\:06][org.springframework.web.servlet.DispatcherServlet]FrameworkServlet 'SpringMVC': initialization completed in 8798 ms
[INFO] [2017-11-2021\:46\:26][org.springframework.web.servlet.DispatcherServlet]FrameworkServlet 'SpringMVC': initialization started
[INFO] [2017-11-2021\:46\:26][org.springframework.web.context.support.XmlWebApplicationContext]Refreshing WebApplicationContext for namespace 'SpringMVC-servlet': startup date [Mon Nov 20 21:46:26 CST 2017]; parent: Root WebApplicationContext
[INFO] [2017-11-2021\:46\:26][org.springframework.beans.factory.xml.XmlBeanDefinitionReader]Loading XML bean definitions from class path resource [config/spring-mvc.xml]
[INFO] [2017-11-2021\:46\:27][org.springframework.beans.factory.annotation.AutowiredAnnotationBeanPostProcessor]JSR-330 'javax.inject.Inject' annotation found and supported for autowiring
[INFO] [2017-11-2021\:46\:27][org.springframework.web.servlet.mvc.method.annotation.RequestMappingHandlerMapping]Mapped "{[/showInfo/{userId}],methods=[],params=[],headers=[],consumes=[],produces=[],custom=[]}" onto public java.lang.String com.controller.UserController.showUserInfo(org.springframework.ui.ModelMap,java.lang.String)
[INFO] [2017-11-2021\:46\:28][org.springframework.web.servlet.handler.SimpleUrlHandlerMapping]Mapped URL path [/**] onto handler 'org.springframework.web.servlet.resource.DefaultServletHttpRequestHandler#0'
[INFO] [2017-11-2021\:46\:28][org.springframework.web.servlet.DispatcherServlet]FrameworkServlet 'SpringMVC': initialization completed in 1127 ms
[INFO] [2017-11-2021\:54\:10][org.springframework.web.servlet.DispatcherServlet]FrameworkServlet 'SpringMVC': initialization started
[INFO] [2017-11-2021\:54\:10][org.springframework.web.context.support.XmlWebApplicationContext]Refreshing WebApplicationContext for namespace 'SpringMVC-servlet': startup date [Mon Nov 20 21:54:10 CST 2017]; parent: Root WebApplicationContext
[INFO] [2017-11-2021\:54\:10][org.springframework.beans.factory.xml.XmlBeanDefinitionReader]Loading XML bean definitions from class path resource [config/spring-mvc.xml]
[INFO] [2017-11-2021\:54\:10][org.springframework.beans.factory.annotation.AutowiredAnnotationBeanPostProcessor]JSR-330 'javax.inject.Inject' annotation found and supported for autowiring
[INFO] [2017-11-2021\:54\:10][org.springframework.web.servlet.mvc.method.annotation.RequestMappingHandlerMapping]Mapped "{[/showInfo],methods=[],params=[],headers=[],consumes=[],produces=[],custom=[]}" onto public java.util.Map<java.lang.String, java.lang.String> com.controller.UserController.showUserInfo(org.springframework.ui.ModelMap,java.lang.String)
[INFO] [2017-11-2021\:54\:11][org.springframework.web.servlet.handler.SimpleUrlHandlerMapping]Mapped URL path [/**] onto handler 'org.springframework.web.servlet.resource.DefaultServletHttpRequestHandler#0'
[INFO] [2017-11-2021\:54\:11][org.springframework.web.servlet.DispatcherServlet]FrameworkServlet 'SpringMVC': initialization completed in 1150 ms
[INFO] [2017-11-2021\:54\:43][org.springframework.web.servlet.DispatcherServlet]FrameworkServlet 'SpringMVC': initialization started
[INFO] [2017-11-2021\:54\:43][org.springframework.web.context.support.XmlWebApplicationContext]Refreshing WebApplicationContext for namespace 'SpringMVC-servlet': startup date [Mon Nov 20 21:54:43 CST 2017]; parent: Root WebApplicationContext
[INFO] [2017-11-2021\:54\:43][org.springframework.beans.factory.xml.XmlBeanDefinitionReader]Loading XML bean definitions from class path resource [config/spring-mvc.xml]
[INFO] [2017-11-2021\:54\:43][org.springframework.beans.factory.annotation.AutowiredAnnotationBeanPostProcessor]JSR-330 'javax.inject.Inject' annotation found and supported for autowiring
[INFO] [2017-11-2021\:54\:43][org.springframework.web.servlet.mvc.method.annotation.RequestMappingHandlerMapping]Mapped "{[/showInfo],methods=[],params=[],headers=[],consumes=[],produces=[],custom=[]}" onto public java.util.Map<java.lang.String, java.lang.String> com.controller.UserController.showUserInfo(org.springframework.ui.ModelMap,java.lang.String)
[INFO] [2017-11-2021\:54\:44][org.springframework.web.servlet.handler.SimpleUrlHandlerMapping]Mapped URL path [/**] onto handler 'org.springframework.web.servlet.resource.DefaultServletHttpRequestHandler#0'
[INFO] [2017-11-2021\:54\:44][org.springframework.web.servlet.DispatcherServlet]FrameworkServlet 'SpringMVC': initialization completed in 1330 ms
[INFO] [2017-11-2021\:56\:24][org.springframework.web.servlet.DispatcherServlet]FrameworkServlet 'SpringMVC': initialization started
[INFO] [2017-11-2021\:56\:24][org.springframework.web.context.support.XmlWebApplicationContext]Refreshing WebApplicationContext for namespace 'SpringMVC-servlet': startup date [Mon Nov 20 21:56:24 CST 2017]; parent: Root WebApplicationContext
[INFO] [2017-11-2021\:56\:24][org.springframework.beans.factory.xml.XmlBeanDefinitionReader]Loading XML bean definitions from class path resource [config/spring-mvc.xml]
[INFO] [2017-11-2021\:56\:24][org.springframework.beans.factory.annotation.AutowiredAnnotationBeanPostProcessor]JSR-330 'javax.inject.Inject' annotation found and supported for autowiring
[INFO] [2017-11-2021\:56\:24][org.springframework.web.servlet.mvc.method.annotation.RequestMappingHandlerMapping]Mapped "{[/showInfo],methods=[],params=[],headers=[],consumes=[],produces=[],custom=[]}" onto public java.util.Map<java.lang.String, java.lang.String> com.controller.UserController.showUserInfo(org.springframework.ui.ModelMap,java.lang.String)
[INFO] [2017-11-2021\:56\:25][org.springframework.web.servlet.handler.SimpleUrlHandlerMapping]Mapped URL path [/**] onto handler 'org.springframework.web.servlet.resource.DefaultServletHttpRequestHandler#0'
[INFO] [2017-11-2021\:56\:25][org.springframework.web.servlet.DispatcherServlet]FrameworkServlet 'SpringMVC': initialization completed in 1099 ms
[INFO] [2017-11-2021\:57\:09][org.springframework.web.servlet.DispatcherServlet]FrameworkServlet 'SpringMVC': initialization started
[INFO] [2017-11-2021\:57\:09][org.springframework.web.context.support.XmlWebApplicationContext]Refreshing WebApplicationContext for namespace 'SpringMVC-servlet': startup date [Mon Nov 20 21:57:09 CST 2017]; parent: Root WebApplicationContext
[INFO] [2017-11-2021\:57\:09][org.springframework.beans.factory.xml.XmlBeanDefinitionReader]Loading XML bean definitions from class path resource [config/spring-mvc.xml]
[INFO] [2017-11-2021\:57\:09][org.springframework.beans.factory.annotation.AutowiredAnnotationBeanPostProcessor]JSR-330 'javax.inject.Inject' annotation found and supported for autowiring
[INFO] [2017-11-2021\:57\:09][org.springframework.web.servlet.mvc.method.annotation.RequestMappingHandlerMapping]Mapped "{[/showInfo],methods=[],params=[],headers=[],consumes=[],produces=[],custom=[]}" onto public java.util.Map<java.lang.String, java.lang.String> com.controller.UserController.showUserInfo(org.springframework.ui.ModelMap,java.lang.String)
[INFO] [2017-11-2021\:57\:10][org.springframework.web.servlet.handler.SimpleUrlHandlerMapping]Mapped URL path [/**] onto handler 'org.springframework.web.servlet.resource.DefaultServletHttpRequestHandler#0'
[INFO] [2017-11-2021\:57\:10][org.springframework.web.servlet.DispatcherServlet]FrameworkServlet 'SpringMVC': initialization completed in 1090 ms
[INFO] [2017-11-2022\:01\:41][org.springframework.web.servlet.DispatcherServlet]FrameworkServlet 'SpringMVC': initialization started
[INFO] [2017-11-2022\:01\:41][org.springframework.web.context.support.XmlWebApplicationContext]Refreshing WebApplicationContext for namespace 'SpringMVC-servlet': startup date [Mon Nov 20 22:01:41 CST 2017]; parent: Root WebApplicationContext
[INFO] [2017-11-2022\:01\:41][org.springframework.beans.factory.xml.XmlBeanDefinitionReader]Loading XML bean definitions from class path resource [config/spring-mvc.xml]
[INFO] [2017-11-2022\:01\:41][org.springframework.beans.factory.annotation.AutowiredAnnotationBeanPostProcessor]JSR-330 'javax.inject.Inject' annotation found and supported for autowiring
[INFO] [2017-11-2022\:01\:44][org.springframework.web.servlet.mvc.method.annotation.RequestMappingHandlerMapping]Mapped "{[/allDepartmentsByPage],methods=[POST],params=[],headers=[],consumes=[],produces=[],custom=[]}" onto public java.util.Map<java.lang.String, java.lang.String> com.controller.UserController.showUserInfo(java.util.Map)
[INFO] [2017-11-2022\:02\:00][org.springframework.web.servlet.handler.SimpleUrlHandlerMapping]Mapped URL path [/**] onto handler 'org.springframework.web.servlet.resource.DefaultServletHttpRequestHandler#0'
[INFO] [2017-11-2022\:02\:01][org.springframework.web.servlet.DispatcherServlet]FrameworkServlet 'SpringMVC': initialization completed in 20931 ms
[INFO] [2017-11-2022\:03\:02][org.springframework.web.servlet.DispatcherServlet]FrameworkServlet 'SpringMVC': initialization started
[INFO] [2017-11-2022\:03\:02][org.springframework.web.context.support.XmlWebApplicationContext]Refreshing WebApplicationContext for namespace 'SpringMVC-servlet': startup date [Mon Nov 20 22:03:02 CST 2017]; parent: Root WebApplicationContext
[INFO] [2017-11-2022\:03\:02][org.springframework.beans.factory.xml.XmlBeanDefinitionReader]Loading XML bean definitions from class path resource [config/spring-mvc.xml]
[INFO] [2017-11-2022\:03\:02][org.springframework.beans.factory.annotation.AutowiredAnnotationBeanPostProcessor]JSR-330 'javax.inject.Inject' annotation found and supported for autowiring
[INFO] [2017-11-2022\:03\:06][org.springframework.web.servlet.mvc.method.annotation.RequestMappingHandlerMapping]Mapped "{[/showInfo],methods=[POST],params=[],headers=[],consumes=[],produces=[],custom=[]}" onto public java.util.Map<java.lang.String, java.lang.String> com.controller.UserController.showUserInfo(java.util.Map)
[INFO] [2017-11-2022\:03\:22][org.springframework.web.servlet.handler.SimpleUrlHandlerMapping]Mapped URL path [/**] onto handler 'org.springframework.web.servlet.resource.DefaultServletHttpRequestHandler#0'
[INFO] [2017-11-2022\:03\:23][org.springframework.web.servlet.DispatcherServlet]FrameworkServlet 'SpringMVC': initialization completed in 21023 ms
[INFO] [2017-11-2022\:29\:58][org.springframework.web.servlet.DispatcherServlet]FrameworkServlet 'SpringMVC': initialization started
[INFO] [2017-11-2022\:29\:58][org.springframework.web.context.support.XmlWebApplicationContext]Refreshing WebApplicationContext for namespace 'SpringMVC-servlet': startup date [Mon Nov 20 22:29:58 CST 2017]; parent: Root WebApplicationContext
[INFO] [2017-11-2022\:29\:58][org.springframework.beans.factory.xml.XmlBeanDefinitionReader]Loading XML bean definitions from class path resource [config/spring-mvc.xml]
[INFO] [2017-11-2022\:29\:58][org.springframework.beans.factory.annotation.AutowiredAnnotationBeanPostProcessor]JSR-330 'javax.inject.Inject' annotation found and supported for autowiring
[INFO] [2017-11-2022\:30\:02][org.springframework.web.servlet.mvc.method.annotation.RequestMappingHandlerMapping]Mapped "{[/showInfo],methods=[POST],params=[],headers=[],consumes=[],produces=[],custom=[]}" onto public java.util.Map<java.lang.String, java.lang.String> com.controller.UserController.showUserInfo(org.springframework.ui.ModelMap)
[INFO] [2017-11-2022\:30\:18][org.springframework.web.servlet.handler.SimpleUrlHandlerMapping]Mapped URL path [/**] onto handler 'org.springframework.web.servlet.resource.DefaultServletHttpRequestHandler#0'
[INFO] [2017-11-2022\:30\:19][org.springframework.web.servlet.DispatcherServlet]FrameworkServlet 'SpringMVC': initialization completed in 20609 ms
[INFO] [2017-11-2022\:45\:02][org.springframework.web.servlet.DispatcherServlet]FrameworkServlet 'SpringMVC': initialization started
[INFO] [2017-11-2022\:45\:02][org.springframework.web.context.support.XmlWebApplicationContext]Refreshing WebApplicationContext for namespace 'SpringMVC-servlet': startup date [Mon Nov 20 22:45:02 CST 2017]; parent: Root WebApplicationContext
[INFO] [2017-11-2022\:45\:02][org.springframework.beans.factory.xml.XmlBeanDefinitionReader]Loading XML bean definitions from class path resource [config/spring-mvc.xml]
[INFO] [2017-11-2022\:45\:02][org.springframework.beans.factory.annotation.AutowiredAnnotationBeanPostProcessor]JSR-330 'javax.inject.Inject' annotation found and supported for autowiring
[INFO] [2017-11-2022\:45\:05][org.springframework.web.servlet.mvc.method.annotation.RequestMappingHandlerMapping]Mapped "{[/showInfo],methods=[POST],params=[],headers=[],consumes=[],produces=[],custom=[]}" onto public com.util.Message com.controller.UserController.showUserInfo(com.util.Message)
[INFO] [2017-11-2022\:45\:21][org.springframework.web.servlet.handler.SimpleUrlHandlerMapping]Mapped URL path [/**] onto handler 'org.springframework.web.servlet.resource.DefaultServletHttpRequestHandler#0'
[INFO] [2017-11-2022\:45\:22][org.springframework.web.servlet.DispatcherServlet]FrameworkServlet 'SpringMVC': initialization completed in 20011 ms
[INFO] [2017-11-2022\:46\:46][org.springframework.web.servlet.DispatcherServlet]FrameworkServlet 'SpringMVC': initialization started
[INFO] [2017-11-2022\:46\:46][org.springframework.web.context.support.XmlWebApplicationContext]Refreshing WebApplicationContext for namespace 'SpringMVC-servlet': startup date [Mon Nov 20 22:46:46 CST 2017]; parent: Root WebApplicationContext
[INFO] [2017-11-2022\:46\:46][org.springframework.beans.factory.xml.XmlBeanDefinitionReader]Loading XML bean definitions from class path resource [config/spring-mvc.xml]
[INFO] [2017-11-2022\:46\:46][org.springframework.beans.factory.annotation.AutowiredAnnotationBeanPostProcessor]JSR-330 'javax.inject.Inject' annotation found and supported for autowiring
[INFO] [2017-11-2022\:46\:50][org.springframework.web.servlet.mvc.method.annotation.RequestMappingHandlerMapping]Mapped "{[/showInfo/],methods=[POST],params=[],headers=[],consumes=[],produces=[],custom=[]}" onto public com.util.Message com.controller.UserController.showUserInfo(com.util.Message)
[INFO] [2017-11-2022\:46\:54][org.springframework.web.servlet.handler.SimpleUrlHandlerMapping]Mapped URL path [/**] onto handler 'org.springframework.web.servlet.resource.DefaultServletHttpRequestHandler#0'
[INFO] [2017-11-2022\:46\:54][org.springframework.web.servlet.DispatcherServlet]FrameworkServlet 'SpringMVC': initialization completed in 8322 ms
[INFO] [2017-11-2122\:37\:28][org.springframework.web.servlet.DispatcherServlet]FrameworkServlet 'SpringMVC': initialization started
[INFO] [2017-11-2122\:37\:28][org.springframework.web.context.support.XmlWebApplicationContext]Refreshing WebApplicationContext for namespace 'SpringMVC-servlet': startup date [Tue Nov 21 22:37:28 CST 2017]; parent: Root WebApplicationContext
[INFO] [2017-11-2122\:37\:28][org.springframework.beans.factory.xml.XmlBeanDefinitionReader]Loading XML bean definitions from class path resource [config/spring-mvc.xml]
[INFO] [2017-11-2122\:37\:28][org.springframework.beans.factory.annotation.AutowiredAnnotationBeanPostProcessor]JSR-330 'javax.inject.Inject' annotation found and supported for autowiring
[INFO] [2017-11-2122\:37\:32][org.springframework.web.servlet.mvc.method.annotation.RequestMappingHandlerMapping]Mapped "{[/test/view],methods=[GET],params=[],headers=[],consumes=[],produces=[],custom=[]}" onto public java.lang.String com.controller.UserController.showUserInfo(java.lang.Integer,org.springframework.ui.Model)
[INFO] [2017-11-2122\:37\:51][org.springframework.web.servlet.handler.SimpleUrlHandlerMapping]Mapped URL path [/**] onto handler 'org.springframework.web.servlet.resource.DefaultServletHttpRequestHandler#0'
[INFO] [2017-11-2122\:37\:52][org.springframework.web.servlet.DispatcherServlet]FrameworkServlet 'SpringMVC': initialization completed in 23856 ms
[INFO] [2017-11-2122\:50\:20][org.springframework.web.servlet.DispatcherServlet]FrameworkServlet 'SpringMVC': initialization started
[INFO] [2017-11-2122\:50\:20][org.springframework.web.context.support.XmlWebApplicationContext]Refreshing WebApplicationContext for namespace 'SpringMVC-servlet': startup date [Tue Nov 21 22:50:20 CST 2017]; parent: Root WebApplicationContext
[INFO] [2017-11-2122\:50\:20][org.springframework.beans.factory.xml.XmlBeanDefinitionReader]Loading XML bean definitions from class path resource [config/spring-mvc.xml]
[INFO] [2017-11-2122\:50\:20][org.springframework.beans.factory.annotation.AutowiredAnnotationBeanPostProcessor]JSR-330 'javax.inject.Inject' annotation found and supported for autowiring
[INFO] [2017-11-2122\:50\:20][org.springframework.web.servlet.mvc.method.annotation.RequestMappingHandlerMapping]Mapped "{[/test/view],methods=[GET],params=[],headers=[],consumes=[],produces=[],custom=[]}" onto public java.util.Map<java.lang.String, java.lang.Object> com.controller.UserController.showUserInfo(java.util.Map<java.lang.String, java.lang.Object>)
[INFO] [2017-11-2122\:50\:21][org.springframework.web.servlet.handler.SimpleUrlHandlerMapping]Mapped URL path [/**] onto handler 'org.springframework.web.servlet.resource.DefaultServletHttpRequestHandler#0'
[INFO] [2017-11-2122\:50\:21][org.springframework.web.servlet.DispatcherServlet]FrameworkServlet 'SpringMVC': initialization completed in 1141 ms
[INFO] [2017-11-2122\:54\:48][org.springframework.web.servlet.DispatcherServlet]FrameworkServlet 'SpringMVC': initialization started
[INFO] [2017-11-2122\:54\:48][org.springframework.web.context.support.XmlWebApplicationContext]Refreshing WebApplicationContext for namespace 'SpringMVC-servlet': startup date [Tue Nov 21 22:54:48 CST 2017]; parent: Root WebApplicationContext
[INFO] [2017-11-2122\:54\:48][org.springframework.beans.factory.xml.XmlBeanDefinitionReader]Loading XML bean definitions from class path resource [config/spring-mvc.xml]
[INFO] [2017-11-2122\:54\:48][org.springframework.beans.factory.annotation.AutowiredAnnotationBeanPostProcessor]JSR-330 'javax.inject.Inject' annotation found and supported for autowiring
[INFO] [2017-11-2122\:54\:49][org.springframework.web.servlet.mvc.method.annotation.RequestMappingHandlerMapping]Mapped "{[/test/view2{courseId}],methods=[GET],params=[],headers=[],consumes=[],produces=[],custom=[]}" onto public java.lang.String com.controller.UserController.showUserInfo2(java.lang.Integer,java.util.Map<java.lang.String, java.lang.Object>)
[INFO] [2017-11-2122\:54\:50][org.springframework.web.servlet.handler.SimpleUrlHandlerMapping]Mapped URL path [/**] onto handler 'org.springframework.web.servlet.resource.DefaultServletHttpRequestHandler#0'
[INFO] [2017-11-2122\:54\:50][org.springframework.web.servlet.DispatcherServlet]FrameworkServlet 'SpringMVC': initialization completed in 1440 ms
[INFO] [2017-11-2122\:56\:00][org.springframework.web.servlet.DispatcherServlet]FrameworkServlet 'SpringMVC': initialization started
[INFO] [2017-11-2122\:56\:00][org.springframework.web.context.support.XmlWebApplicationContext]Refreshing WebApplicationContext for namespace 'SpringMVC-servlet': startup date [Tue Nov 21 22:56:00 CST 2017]; parent: Root WebApplicationContext
[INFO] [2017-11-2122\:56\:00][org.springframework.beans.factory.xml.XmlBeanDefinitionReader]Loading XML bean definitions from class path resource [config/spring-mvc.xml]
[INFO] [2017-11-2122\:56\:01][org.springframework.beans.factory.annotation.AutowiredAnnotationBeanPostProcessor]JSR-330 'javax.inject.Inject' annotation found and supported for autowiring
[INFO] [2017-11-2122\:56\:01][org.springframework.web.servlet.mvc.method.annotation.RequestMappingHandlerMapping]Mapped "{[/test/view2/{courseId}],methods=[GET],params=[],headers=[],consumes=[],produces=[],custom=[]}" onto public java.lang.String com.controller.UserController.showUserInfo2(java.lang.Integer,java.util.Map<java.lang.String, java.lang.Object>)
[INFO] [2017-11-2122\:56\:02][org.springframework.web.servlet.handler.SimpleUrlHandlerMapping]Mapped URL path [/**] onto handler 'org.springframework.web.servlet.resource.DefaultServletHttpRequestHandler#0'
[INFO] [2017-11-2122\:56\:02][org.springframework.web.servlet.DispatcherServlet]FrameworkServlet 'SpringMVC': initialization completed in 1350 ms
[INFO] [2017-11-2209\:32\:06][org.springframework.web.servlet.DispatcherServlet]FrameworkServlet 'SpringMVC': initialization started
[INFO] [2017-11-2209\:32\:06][org.springframework.web.context.support.XmlWebApplicationContext]Refreshing WebApplicationContext for namespace 'SpringMVC-servlet': startup date [Wed Nov 22 09:32:06 CST 2017]; parent: Root WebApplicationContext
[INFO] [2017-11-2209\:32\:06][org.springframework.beans.factory.xml.XmlBeanDefinitionReader]Loading XML bean definitions from class path resource [config/spring-mvc.xml]
[INFO] [2017-11-2209\:32\:06][org.springframework.beans.factory.annotation.AutowiredAnnotationBeanPostProcessor]JSR-330 'javax.inject.Inject' annotation found and supported for autowiring
[INFO] [2017-11-2209\:32\:07][org.springframework.web.servlet.mvc.method.annotation.RequestMappingHandlerMapping]Mapped "{[/test/view2],methods=[GET],params=[],headers=[],consumes=[],produces=[application/json],custom=[]}" onto public java.util.Map<java.lang.String, java.lang.Object> com.controller.UserController.showUserInfo2(java.util.Map<java.lang.String, java.lang.Object>)
[INFO] [2017-11-2209\:32\:07][org.springframework.web.servlet.handler.SimpleUrlHandlerMapping]Mapped URL path [/**] onto handler 'org.springframework.web.servlet.resource.DefaultServletHttpRequestHandler#0'
[INFO] [2017-11-2209\:32\:07][org.springframework.web.servlet.DispatcherServlet]FrameworkServlet 'SpringMVC': initialization completed in 1415 ms
[INFO] [2017-11-2209\:41\:13][org.springframework.web.servlet.DispatcherServlet]FrameworkServlet 'SpringMVC': initialization started
[INFO] [2017-11-2209\:41\:13][org.springframework.web.context.support.XmlWebApplicationContext]Refreshing WebApplicationContext for namespace 'SpringMVC-servlet': startup date [Wed Nov 22 09:41:13 CST 2017]; parent: Root WebApplicationContext
[INFO] [2017-11-2209\:41\:13][org.springframework.beans.factory.xml.XmlBeanDefinitionReader]Loading XML bean definitions from class path resource [config/spring-mvc.xml]
[INFO] [2017-11-2209\:41\:13][org.springframework.beans.factory.annotation.AutowiredAnnotationBeanPostProcessor]JSR-330 'javax.inject.Inject' annotation found and supported for autowiring
[INFO] [2017-11-2209\:41\:13][org.springframework.web.servlet.mvc.method.annotation.RequestMappingHandlerMapping]Mapped "{[/test/view2],methods=[POST],params=[],headers=[],consumes=[],produces=[application/json],custom=[]}" onto public java.util.Map<java.lang.String, java.lang.Object> com.controller.UserController.showUserInfo2(java.util.Map<java.lang.String, java.lang.Object>)
[INFO] [2017-11-2209\:41\:14][org.springframework.web.servlet.handler.SimpleUrlHandlerMapping]Mapped URL path [/**] onto handler 'org.springframework.web.servlet.resource.DefaultServletHttpRequestHandler#0'
[INFO] [2017-11-2209\:41\:14][org.springframework.web.servlet.DispatcherServlet]FrameworkServlet 'SpringMVC': initialization completed in 892 ms
[INFO] [2017-11-2209\:42\:59][org.springframework.web.servlet.DispatcherServlet]FrameworkServlet 'SpringMVC': initialization started
[INFO] [2017-11-2209\:42\:59][org.springframework.web.context.support.XmlWebApplicationContext]Refreshing WebApplicationContext for namespace 'SpringMVC-servlet': startup date [Wed Nov 22 09:42:59 CST 2017]; parent: Root WebApplicationContext
[INFO] [2017-11-2209\:42\:59][org.springframework.beans.factory.xml.XmlBeanDefinitionReader]Loading XML bean definitions from class path resource [config/spring-mvc.xml]
[INFO] [2017-11-2209\:42\:59][org.springframework.beans.factory.annotation.AutowiredAnnotationBeanPostProcessor]JSR-330 'javax.inject.Inject' annotation found and supported for autowiring
[INFO] [2017-11-2209\:42\:59][org.springframework.web.servlet.mvc.method.annotation.RequestMappingHandlerMapping]Mapped "{[/test/view2/{courseId}],methods=[GET],params=[],headers=[],consumes=[],produces=[],custom=[]}" onto public java.lang.String com.controller.UserController.showUserInfo2(java.lang.Integer,java.util.Map<java.lang.String, java.lang.Object>)
[INFO] [2017-11-2209\:43\:00][org.springframework.web.servlet.handler.SimpleUrlHandlerMapping]Mapped URL path [/**] onto handler 'org.springframework.web.servlet.resource.DefaultServletHttpRequestHandler#0'
[INFO] [2017-11-2209\:43\:00][org.springframework.web.servlet.DispatcherServlet]FrameworkServlet 'SpringMVC': initialization completed in 910 ms
[INFO] [2017-11-2209\:52\:29][org.springframework.web.servlet.DispatcherServlet]FrameworkServlet 'SpringMVC': initialization started
[INFO] [2017-11-2209\:52\:29][org.springframework.web.context.support.XmlWebApplicationContext]Refreshing WebApplicationContext for namespace 'SpringMVC-servlet': startup date [Wed Nov 22 09:52:29 CST 2017]; parent: Root WebApplicationContext
[INFO] [2017-11-2209\:52\:29][org.springframework.beans.factory.xml.XmlBeanDefinitionReader]Loading XML bean definitions from class path resource [config/spring-mvc.xml]
[INFO] [2017-11-2209\:52\:29][org.springframework.beans.factory.annotation.AutowiredAnnotationBeanPostProcessor]JSR-330 'javax.inject.Inject' annotation found and supported for autowiring
[INFO] [2017-11-2209\:52\:29][org.springframework.web.servlet.mvc.method.annotation.RequestMappingHandlerMapping]Mapped "{[/test/view2/{courseId}],methods=[GET],params=[],headers=[],consumes=[],produces=[],custom=[]}" onto public java.lang.String com.controller.UserController.showUserInfo2(java.lang.Integer,java.util.Map<java.lang.String, java.lang.Object>)
[INFO] [2017-11-2209\:52\:29][org.springframework.web.servlet.mvc.method.annotation.RequestMappingHandlerMapping]Mapped "{[/test/view2],methods=[GET],params=[],headers=[],consumes=[],produces=[application/json],custom=[]}" onto public java.util.Map<java.lang.String, java.lang.Object> com.controller.UserController.showUserInfo3(java.util.Map<java.lang.String, java.lang.Object>)
[INFO] [2017-11-2209\:52\:30][org.springframework.web.servlet.handler.SimpleUrlHandlerMapping]Mapped URL path [/**] onto handler 'org.springframework.web.servlet.resource.DefaultServletHttpRequestHandler#0'
[INFO] [2017-11-2209\:52\:30][org.springframework.web.servlet.DispatcherServlet]FrameworkServlet 'SpringMVC': initialization completed in 1010 ms
[INFO] [2017-11-2209\:53\:52][org.springframework.web.servlet.DispatcherServlet]FrameworkServlet 'SpringMVC': initialization started
[INFO] [2017-11-2209\:53\:52][org.springframework.web.context.support.XmlWebApplicationContext]Refreshing WebApplicationContext for namespace 'SpringMVC-servlet': startup date [Wed Nov 22 09:53:52 CST 2017]; parent: Root WebApplicationContext
[INFO] [2017-11-2209\:53\:52][org.springframework.beans.factory.xml.XmlBeanDefinitionReader]Loading XML bean definitions from class path resource [config/spring-mvc.xml]
[INFO] [2017-11-2209\:53\:52][org.springframework.beans.factory.annotation.AutowiredAnnotationBeanPostProcessor]JSR-330 'javax.inject.Inject' annotation found and supported for autowiring
[INFO] [2017-11-2209\:53\:53][org.springframework.web.servlet.mvc.method.annotation.RequestMappingHandlerMapping]Mapped "{[/test/view2/{courseId}],methods=[GET],params=[],headers=[],consumes=[],produces=[],custom=[]}" onto public java.lang.String com.controller.UserController.showUserInfo2(java.lang.Integer,java.util.Map<java.lang.String, java.lang.Object>)
[INFO] [2017-11-2209\:53\:53][org.springframework.web.servlet.mvc.method.annotation.RequestMappingHandlerMapping]Mapped "{[/test/view3],methods=[GET],params=[],headers=[],consumes=[],produces=[application/json],custom=[]}" onto public java.util.Map<java.lang.String, java.lang.Object> com.controller.UserController.showUserInfo3(java.util.Map<java.lang.String, java.lang.Object>)
[INFO] [2017-11-2209\:53\:53][org.springframework.web.servlet.handler.SimpleUrlHandlerMapping]Mapped URL path [/**] onto handler 'org.springframework.web.servlet.resource.DefaultServletHttpRequestHandler#0'
[INFO] [2017-11-2209\:53\:53][org.springframework.web.servlet.DispatcherServlet]FrameworkServlet 'SpringMVC': initialization completed in 924 ms
[INFO] [2017-11-2210\:13\:22][org.springframework.web.servlet.DispatcherServlet]FrameworkServlet 'SpringMVC': initialization started
[INFO] [2017-11-2210\:13\:22][org.springframework.web.context.support.XmlWebApplicationContext]Refreshing WebApplicationContext for namespace 'SpringMVC-servlet': startup date [Wed Nov 22 10:13:22 CST 2017]; parent: Root WebApplicationContext
[INFO] [2017-11-2210\:13\:22][org.springframework.beans.factory.xml.XmlBeanDefinitionReader]Loading XML bean definitions from class path resource [config/spring-mvc.xml]
[INFO] [2017-11-2210\:13\:22][org.springframework.beans.factory.annotation.AutowiredAnnotationBeanPostProcessor]JSR-330 'javax.inject.Inject' annotation found and supported for autowiring
[INFO] [2017-11-2210\:13\:22][org.springframework.web.servlet.mvc.method.annotation.RequestMappingHandlerMapping]Mapped "{[/view3],methods=[GET],params=[],headers=[],consumes=[],produces=[application/json],custom=[]}" onto public java.util.Map<java.lang.String, java.lang.Object> com.controller.UserController.showUserInfo3(java.util.Map<java.lang.String, java.lang.Object>)
[INFO] [2017-11-2210\:13\:22][org.springframework.web.servlet.mvc.method.annotation.RequestMappingHandlerMapping]Mapped "{[/view2/{courseId}],methods=[GET],params=[],headers=[],consumes=[],produces=[],custom=[]}" onto public java.lang.String com.controller.UserController.showUserInfo2(java.lang.Integer,java.util.Map<java.lang.String, java.lang.Object>)
[INFO] [2017-11-2210\:13\:23][org.springframework.web.servlet.handler.SimpleUrlHandlerMapping]Mapped URL path [/**] onto handler 'org.springframework.web.servlet.resource.DefaultServletHttpRequestHandler#0'
[INFO] [2017-11-2210\:13\:23][org.springframework.web.servlet.DispatcherServlet]FrameworkServlet 'SpringMVC': initialization completed in 1005 ms
[INFO] [2017-11-2211\:00\:38][org.springframework.web.servlet.DispatcherServlet]FrameworkServlet 'SpringMVC': initialization started
[INFO] [2017-11-2211\:00\:38][org.springframework.web.context.support.XmlWebApplicationContext]Refreshing WebApplicationContext for namespace 'SpringMVC-servlet': startup date [Wed Nov 22 11:00:38 CST 2017]; parent: Root WebApplicationContext
[INFO] [2017-11-2211\:00\:38][org.springframework.beans.factory.xml.XmlBeanDefinitionReader]Loading XML bean definitions from class path resource [config/spring-mvc.xml]
[INFO] [2017-11-2211\:00\:39][org.springframework.beans.factory.annotation.AutowiredAnnotationBeanPostProcessor]JSR-330 'javax.inject.Inject' annotation found and supported for autowiring
[INFO] [2017-11-2211\:00\:39][org.springframework.web.servlet.mvc.method.annotation.RequestMappingHandlerMapping]Mapped "{[/view3],methods=[GET],params=[],headers=[],consumes=[],produces=[application/json],custom=[]}" onto public java.util.Map<java.lang.String, java.lang.Object> com.controller.UserController.showUserInfo3(java.util.Map<java.lang.String, java.lang.Object>)
[INFO] [2017-11-2211\:00\:39][org.springframework.web.servlet.mvc.method.annotation.RequestMappingHandlerMapping]Mapped "{[/view2/{courseId}],methods=[GET],params=[],headers=[],consumes=[],produces=[],custom=[]}" onto public java.lang.String com.controller.UserController.showUserInfo2(java.lang.Integer,java.util.Map<java.lang.String, java.lang.Object>)
[INFO] [2017-11-2211\:00\:41][org.springframework.web.servlet.handler.SimpleUrlHandlerMapping]Mapped URL path [/**] onto handler 'org.springframework.web.servlet.resource.DefaultServletHttpRequestHandler#0'
[INFO] [2017-11-2211\:00\:41][org.springframework.web.servlet.DispatcherServlet]FrameworkServlet 'SpringMVC': initialization completed in 2427 ms
